<?xml version="1.0" encoding="UTF-8"?>
<!-- Generated by org.testng.reporters.JUnitReportReporter -->
<testsuite hostname="NBQANOVATECN026" name="A01_TestLab.Proy2_QAnova_Piloto.TL020110_Caso_2" tests="1" failures="0" timestamp="27 Mar 2019 16:25:03 GMT" time="13.217" errors="1">
  <testcase name="Caso_2_Test" time="13.217" classname="A01_TestLab.Proy2_QAnova_Piloto.TL020110_Caso_2">
    <error type="org.openqa.selenium.UnhandledAlertException" message="Modal dialog present with text: Para mostrar de nuevo esta página web, el explorador web debe
volver a enviar la información que ya envió anteriormente.

Si estaba realizando una compra, haga clic en Cancelar para
evitar que la transacción se realice dos veces. De lo contrario,
haga clic en Reintentar para volver a mostrar la página web.: Para mostrar de nuevo esta página web, el explorador web debe
volver a enviar la información que ya envió anteriormente.

Si estaba realizando una compra, haga clic en Cancelar para
evitar que la transacción se realice dos veces. De lo contrario,
haga clic en Reintentar para volver a mostrar la página web.
Build info: version: &#039;3.11.0&#039;, revision: &#039;e59cfb3&#039;, time: &#039;2018-03-11T20:33:08.638Z&#039;
System info: host: &#039;NBQANOVATECN026&#039;, ip: &#039;192.168.56.1&#039;, os.name: &#039;Windows 7&#039;, os.arch: &#039;amd64&#039;, os.version: &#039;6.1&#039;, java.version: &#039;1.8.0_171&#039;
Driver info: org.openqa.selenium.ie.InternetExplorerDriver
Capabilities {acceptInsecureCerts: false, browserName: internet explorer, browserVersion: 11, javascriptEnabled: true, pageLoadStrategy: normal, platform: WINDOWS, platformName: WINDOWS, proxy: Proxy(), se:ieOptions: {browserAttachTimeout: 0, elementScrollBehavior: 0, enablePersistentHover: true, ie.browserCommandLineSwitches: , ie.ensureCleanSession: false, ie.fileUploadDialogTimeout: 3000, ie.forceCreateProcessApi: false, ignoreProtectedModeSettings: false, ignoreZoomSetting: false, initialBrowserUrl: http://localhost:32185/, nativeEvents: true, requireWindowFocus: false}, setWindowRect: true, timeouts: {implicit: 0, pageLoad: 300000, script: 30000}}
Session ID: 9dbe9c44-c212-450f-9252-e5b8db847222">
      <![CDATA[org.openqa.selenium.UnhandledAlertException: Modal dialog present with text: Para mostrar de nuevo esta página web, el explorador web debe
volver a enviar la información que ya envió anteriormente.

Si estaba realizando una compra, haga clic en Cancelar para
evitar que la transacción se realice dos veces. De lo contrario,
haga clic en Reintentar para volver a mostrar la página web.: Para mostrar de nuevo esta página web, el explorador web debe
volver a enviar la información que ya envió anteriormente.

Si estaba realizando una compra, haga clic en Cancelar para
evitar que la transacción se realice dos veces. De lo contrario,
haga clic en Reintentar para volver a mostrar la página web.
Build info: version: '3.11.0', revision: 'e59cfb3', time: '2018-03-11T20:33:08.638Z'
System info: host: 'NBQANOVATECN026', ip: '192.168.56.1', os.name: 'Windows 7', os.arch: 'amd64', os.version: '6.1', java.version: '1.8.0_171'
Driver info: org.openqa.selenium.ie.InternetExplorerDriver
Capabilities {acceptInsecureCerts: false, browserName: internet explorer, browserVersion: 11, javascriptEnabled: true, pageLoadStrategy: normal, platform: WINDOWS, platformName: WINDOWS, proxy: Proxy(), se:ieOptions: {browserAttachTimeout: 0, elementScrollBehavior: 0, enablePersistentHover: true, ie.browserCommandLineSwitches: , ie.ensureCleanSession: false, ie.fileUploadDialogTimeout: 3000, ie.forceCreateProcessApi: false, ignoreProtectedModeSettings: false, ignoreZoomSetting: false, initialBrowserUrl: http://localhost:32185/, nativeEvents: true, requireWindowFocus: false}, setWindowRect: true, timeouts: {implicit: 0, pageLoad: 300000, script: 30000}}
Session ID: 9dbe9c44-c212-450f-9252-e5b8db847222
	at org.openqa.selenium.remote.http.W3CHttpResponseCodec.decode(W3CHttpResponseCodec.java:120)
	at org.openqa.selenium.remote.http.W3CHttpResponseCodec.decode(W3CHttpResponseCodec.java:49)
	at org.openqa.selenium.remote.HttpCommandExecutor.execute(HttpCommandExecutor.java:158)
	at org.openqa.selenium.remote.service.DriverCommandExecutor.execute(DriverCommandExecutor.java:83)
	at org.openqa.selenium.remote.RemoteWebDriver.execute(RemoteWebDriver.java:545)
	at org.openqa.selenium.remote.RemoteWebDriver$RemoteWebDriverOptions$RemoteTimeouts.implicitlyWait(RemoteWebDriver.java:779)
	at Pages.Proy_2_Genericos.GP02015_Return_Page_Title.Titulo_Pagina_Presente(GP02015_Return_Page_Title.java:15)
	at Pages.Proy_2_QAnova_Piloto.OP02110_PaginaInicioQA3.Ejec_PaginaInicioQA2(OP02110_PaginaInicioQA3.java:84)
	at A02_Testcases.Proy_2_QAnova_Piloto.CP02120_Carga_Informacion_Data_QA2_test.CargaTest(CP02120_Carga_Informacion_Data_QA2_test.java:132)
	at A01_TestLab.Proy2_QAnova_Piloto.TL020110_Caso_2.Caso_2_Test(TL020110_Caso_2.java:42)
	at sun.reflect.NativeMethodAccessorImpl.invoke0(Native Method)
	at sun.reflect.NativeMethodAccessorImpl.invoke(Unknown Source)
	at sun.reflect.DelegatingMethodAccessorImpl.invoke(Unknown Source)
	at java.lang.reflect.Method.invoke(Unknown Source)
	at org.testng.internal.MethodInvocationHelper.invokeMethod(MethodInvocationHelper.java:85)
	at org.testng.internal.Invoker.invokeMethod(Invoker.java:639)
	at org.testng.internal.Invoker.invokeTestMethod(Invoker.java:816)
	at org.testng.internal.Invoker.invokeTestMethods(Invoker.java:1124)
	at org.testng.internal.TestMethodWorker.invokeTestMethods(TestMethodWorker.java:125)
	at org.testng.internal.TestMethodWorker.run(TestMethodWorker.java:108)
	at org.testng.TestRunner.privateRun(TestRunner.java:774)
	at org.testng.TestRunner.run(TestRunner.java:624)
	at org.testng.SuiteRunner.runTest(SuiteRunner.java:359)
	at org.testng.SuiteRunner.runSequentially(SuiteRunner.java:354)
	at org.testng.SuiteRunner.privateRun(SuiteRunner.java:312)
	at org.testng.SuiteRunner.run(SuiteRunner.java:261)
	at org.testng.SuiteRunnerWorker.runSuite(SuiteRunnerWorker.java:52)
	at org.testng.SuiteRunnerWorker.run(SuiteRunnerWorker.java:86)
	at org.testng.TestNG.runSuitesSequentially(TestNG.java:1215)
	at org.testng.TestNG.runSuitesLocally(TestNG.java:1140)
	at org.testng.TestNG.run(TestNG.java:1048)
	at org.testng.TestNG.privateMain(TestNG.java:1355)
	at org.testng.TestNG.main(TestNG.java:1324)
]]>
    </error>
  </testcase> <!-- Caso_2_Test -->
</testsuite> <!-- A01_TestLab.Proy2_QAnova_Piloto.TL020110_Caso_2 -->
